#
# There is insufficient memory for the Java Runtime Environment to continue.
# Native memory allocation (malloc) failed to allocate 32744 bytes for ChunkPool::allocate
# Possible reasons:
#   The system is out of physical RAM or swap space
#   In 32 bit mode, the process size limit was hit
# Possible solutions:
#   Reduce memory load on the system
#   Increase physical memory or swap space
#   Check if swap backing store is full
#   Use 64 bit Java on a 64 bit OS
#   Decrease Java heap size (-Xmx/-Xms)
#   Decrease number of Java threads
#   Decrease Java thread stack sizes (-Xss)
#   Set larger code cache with -XX:ReservedCodeCacheSize=
# This output file may be truncated or incomplete.
#
#  Out of Memory Error (allocation.cpp:273), pid=3100, tid=0x00000000000018fc
#
# JRE version: Java(TM) SE Runtime Environment (8.0_112-b15) (build 1.8.0_112-b15)
# Java VM: Java HotSpot(TM) 64-Bit Server VM (25.112-b15 mixed mode windows-amd64 compressed oops)
# Failed to write core dump. Minidumps are not enabled by default on client versions of Windows
#

---------------  T H R E A D  ---------------

Current thread (0x00000000340fb800):  JavaThread "C2 CompilerThread1" daemon [_thread_in_native, id=6396, stack(0x0000000035750000,0x0000000035850000)]

Stack: [0x0000000035750000,0x0000000035850000]
[error occurred during error reporting (printing stack bounds), id 0xc0000005]

Native frames: (J=compiled Java code, j=interpreted, Vv=VM code, C=native code)


Current CompileTask:
C2:   2968   56  s    4       java.lang.StringBuffer::append (13 bytes)


---------------  P R O C E S S  ---------------

Java Threads: ( => current thread )
  0x000000003597d000 JavaThread "Service Thread" daemon [_thread_blocked, id=10348, stack(0x0000000035d50000,0x0000000035e50000)]
  0x00000000340ff000 JavaThread "C1 CompilerThread2" daemon [_thread_in_native, id=2752, stack(0x0000000035850000,0x0000000035950000)]
=>0x00000000340fb800 JavaThread "C2 CompilerThread1" daemon [_thread_in_native, id=6396, stack(0x0000000035750000,0x0000000035850000)]
  0x00000000340f9000 JavaThread "C2 CompilerThread0" daemon [_thread_blocked, id=2632, stack(0x0000000035650000,0x0000000035750000)]
  0x00000000340f7800 JavaThread "Attach Listener" daemon [_thread_blocked, id=3804, stack(0x0000000035550000,0x0000000035650000)]
  0x00000000340f4000 JavaThread "Signal Dispatcher" daemon [_thread_blocked, id=10384, stack(0x0000000035450000,0x0000000035550000)]
  0x00000000033ae800 JavaThread "Finalizer" daemon [_thread_blocked, id=9172, stack(0x0000000035350000,0x0000000035450000)]
  0x00000000033a9000 JavaThread "Reference Handler" daemon [_thread_blocked, id=10592, stack(0x0000000035250000,0x0000000035350000)]
  0x00000000032b8800 JavaThread "main" [_thread_in_Java, id=5764, stack(0x00000000031b0000,0x00000000032b0000)]

Other Threads:
  0x00000000340b7000 VMThread [stack: 0x0000000035150000,0x0000000035250000] [id=9012]
  0x0000000035a1f000 WatcherThread [stack: 0x0000000035e50000,0x0000000035f50000] [id=9424]

VM state:not at safepoint (normal execution)

VM Mutex/Monitor currently owned by a thread: None

Heap:
 PSYoungGen      total 4281856K, used 146821K [0x0000000695580000, 0x00000007c0000000, 0x00000007c0000000)
  eden space 3670528K, 4% used [0x0000000695580000,0x000000069e4e1498,0x0000000775600000)
  from space 611328K, 0% used [0x000000079ab00000,0x000000079ab00000,0x00000007c0000000)
  to   space 611328K, 0% used [0x0000000775600000,0x0000000775600000,0x000000079ab00000)
 ParOldGen       total 9786880K, used 0K [0x0000000440000000, 0x0000000695580000, 0x0000000695580000)
  object space 9786880K, 0% used [0x0000000440000000,0x0000000440000000,0x0000000695580000)
 Metaspace       used 2808K, capacity 4550K, committed 4864K, reserved 1056768K
  class space    used 305K, capacity 386K, committed 512K, reserved 1048576K

Card table byte_map: [0x0000000012770000,0x0000000014380000] byte_map_base: 0x0000000010570000

Marking Bits: (ParMarkBitMap*) 0x000000006f1ba6d0
 Begin Bits: [0x0000000015a30000, 0x0000000023a30000)
 End Bits:   [0x0000000023a30000, 0x0000000031a30000)

Polling page: 0x0000000000ff0000

CodeCache: size=245760Kb used=1172Kb max_used=1172Kb free=244588Kb
 bounds [0x00000000033b0000, 0x0000000003620000, 0x00000000123b0000]
 total_blobs=297 nmethods=63 adapters=147
 compilation: enabled

Compilation events (10 events):
Event: 2.964 Thread 0x00000000340ff000   52       3       java.lang.String::toCharArray (25 bytes)
Event: 2.964 Thread 0x00000000340ff000 nmethod 52 0x00000000034cdbd0 code [0x00000000034cdd40, 0x00000000034cdfc8]
Event: 2.965 Thread 0x00000000340fb800   54       4       java.io.WinNTFileSystem::isSlash (18 bytes)
Event: 2.965 Thread 0x00000000340ff000   53       3       java.lang.String::endsWith (17 bytes)
Event: 2.965 Thread 0x00000000340ff000 nmethod 53 0x00000000034d0590 code [0x00000000034d0700, 0x00000000034d0928]
Event: 2.965 Thread 0x00000000340ff000   55       3       java.lang.String::toLowerCase (439 bytes)
Event: 2.965 Thread 0x00000000340fb800 nmethod 54 0x00000000034cd9d0 code [0x00000000034cdb00, 0x00000000034cdb78]
Event: 2.965 Thread 0x00000000340fb800   56  s    4       java.lang.StringBuffer::append (13 bytes)
Event: 2.966 Thread 0x00000000340ff000 nmethod 55 0x00000000034d0c50 code [0x00000000034d0f80, 0x00000000034d2818]
Event: 2.967 Thread 0x00000000340ff000   57       3       java.lang.AbstractStringBuilder::newCapacity (39 bytes)

GC Heap History (0 events):
No events

Deoptimization events (1 events):
Event: 2.952 Thread 0x00000000032b8800 Uncommon trap: reason=unstable_if action=reinterpret pc=0x00000000034bc0c4 method=java.lang.String.hashCode()I @ 14

Internal exceptions (6 events):
Event: 2.847 Thread 0x00000000032b8800 Exception <a 'java/lang/NoSuchMethodError': Method sun.misc.Unsafe.defineClass(Ljava/lang/String;[BII)Ljava/lang/Class; name or signature does not match> (0x0000000695587c78) thrown at [C:\re\workspace\8-2-build-windows-amd64-cygwin\jdk8u112\7884\hotspot\
Event: 2.847 Thread 0x00000000032b8800 Exception <a 'java/lang/NoSuchMethodError': Method sun.misc.Unsafe.prefetchRead(Ljava/lang/Object;J)V name or signature does not match> (0x0000000695587f60) thrown at [C:\re\workspace\8-2-build-windows-amd64-cygwin\jdk8u112\7884\hotspot\src\share\vm\prims
Event: 2.966 Thread 0x00000000032b8800 Exception <a 'java/lang/OutOfMemoryError'> (0x000000069570a740) thrown at [C:\re\workspace\8-2-build-windows-amd64-cygwin\jdk8u112\7884\hotspot\src\share\vm\prims\jni.cpp, line 735]
Event: 2.966 Thread 0x00000000032b8800 Exception <a 'java/lang/OutOfMemoryError'> (0x000000069570a740) thrown at [C:\re\workspace\8-2-build-windows-amd64-cygwin\jdk8u112\7884\hotspot\src\share\vm\prims\jvm.cpp, line 1394]
Event: 2.966 Thread 0x00000000032b8800 Exception <a 'java/lang/OutOfMemoryError'> (0x000000069570a740) thrown at [C:\re\workspace\8-2-build-windows-amd64-cygwin\jdk8u112\7884\hotspot\src\share\vm\prims\jvm.cpp, line 1394]
Event: 2.966 Thread 0x00000000032b8800 Exception <a 'java/lang/OutOfMemoryError'> (0x000000069570a740) thrown at [C:\re\workspace\8-2-build-windows-amd64-cygwin\jdk8u112\7884\hotspot\src\share\vm\prims\jvm.cpp, line 1394]

Events (10 events):
Event: 2.966 loading class java/lang/NoSuchMethodException
Event: 2.966 loading class java/lang/NoSuchMethodException done
Event: 2.966 loading class java/lang/Throwable$WrappedPrintStream
Event: 2.966 loading class java/lang/Throwable$PrintStreamOrWriter
Event: 2.966 loading class java/lang/Throwable$PrintStreamOrWriter done
Event: 2.966 loading class java/lang/Throwable$WrappedPrintStream done
Event: 2.966 loading class java/util/IdentityHashMap
Event: 2.966 loading class java/util/IdentityHashMap done
Event: 2.966 loading class java/util/IdentityHashMap$KeySet
Event: 2.966 loading class java/util/IdentityHashMap$KeySet done


Dynamic libraries:
0x00007ff6f22e0000 - 0x00007ff6f2317000 	C:\Program Files\Java\jdk1.8.0_112\bin\java.exe
0x00007fff90620000 - 0x00007fff907f1000 	C:\Windows\SYSTEM32\ntdll.dll
0x00007fff90090000 - 0x00007fff9013b000 	C:\Windows\System32\KERNEL32.DLL
0x00007fff8cf20000 - 0x00007fff8d13d000 	C:\Windows\System32\KERNELBASE.dll
0x00007fff8f670000 - 0x00007fff8f712000 	C:\Windows\System32\ADVAPI32.dll
0x00007fff90450000 - 0x00007fff904ee000 	C:\Windows\System32\msvcrt.dll
0x00007fff90560000 - 0x00007fff905b9000 	C:\Windows\System32\sechost.dll
0x00007fff8f540000 - 0x00007fff8f661000 	C:\Windows\System32\RPCRT4.dll
0x00007fff8f720000 - 0x00007fff8f885000 	C:\Windows\System32\USER32.dll
0x00007fff8d140000 - 0x00007fff8d15e000 	C:\Windows\System32\win32u.dll
0x00007fff90270000 - 0x00007fff902a4000 	C:\Windows\System32\GDI32.dll
0x00007fff8cbc0000 - 0x00007fff8cd42000 	C:\Windows\System32\gdi32full.dll
0x00007fff7fa10000 - 0x00007fff7fc89000 	C:\Windows\WinSxS\amd64_microsoft.windows.common-controls_6595b64144ccf1df_6.0.14393.447_none_42191651c6827bb3\COMCTL32.dll
0x00007fff8dbb0000 - 0x00007fff8de78000 	C:\Windows\System32\combase.dll
0x00007fff8dab0000 - 0x00007fff8dba5000 	C:\Windows\System32\ucrtbase.dll
0x00007fff8d8f0000 - 0x00007fff8d95a000 	C:\Windows\System32\bcryptPrimitives.dll
0x00007fff8fe20000 - 0x00007fff8fe4e000 	C:\Windows\System32\IMM32.DLL
0x000000006e8c0000 - 0x000000006e992000 	C:\Program Files\Java\jdk1.8.0_112\jre\bin\msvcr100.dll
0x000000006e9a0000 - 0x000000006f23a000 	C:\Program Files\Java\jdk1.8.0_112\jre\bin\server\jvm.dll
0x00007fff8de80000 - 0x00007fff8de88000 	C:\Windows\System32\PSAPI.DLL
0x00007fff8afc0000 - 0x00007fff8afe3000 	C:\Windows\SYSTEM32\WINMM.dll
0x00007fff7cdd0000 - 0x00007fff7cdda000 	C:\Windows\SYSTEM32\VERSION.dll
0x00007fff7cde0000 - 0x00007fff7cde9000 	C:\Windows\SYSTEM32\WSOCK32.dll
0x00007fff8fe80000 - 0x00007fff8feea000 	C:\Windows\System32\WS2_32.dll
0x00000000013f0000 - 0x000000000141b000 	C:\Windows\SYSTEM32\WINMMBASE.dll
0x00007fff8d160000 - 0x00007fff8d1a2000 	C:\Windows\System32\cfgmgr32.dll
0x000000006e870000 - 0x000000006e87f000 	C:\Program Files\Java\jdk1.8.0_112\jre\bin\verify.dll
0x000000006e840000 - 0x000000006e869000 	C:\Program Files\Java\jdk1.8.0_112\jre\bin\java.dll
0x000000006e820000 - 0x000000006e836000 	C:\Program Files\Java\jdk1.8.0_112\jre\bin\zip.dll
0x00007fff8e030000 - 0x00007fff8f539000 	C:\Windows\System32\SHELL32.dll
0x00007fff8d1b0000 - 0x00007fff8d88a000 	C:\Windows\System32\windows.storage.dll
0x00007fff8cab0000 - 0x00007fff8cafc000 	C:\Windows\System32\powrprof.dll
0x00007fff902b0000 - 0x00007fff90302000 	C:\Windows\System32\shlwapi.dll
0x00007fff8caa0000 - 0x00007fff8caaf000 	C:\Windows\System32\kernel.appcore.dll
0x00007fff8cb10000 - 0x00007fff8cbb9000 	C:\Windows\System32\shcore.dll
0x00007fff8ca80000 - 0x00007fff8ca94000 	C:\Windows\System32\profapi.dll

VM Arguments:
jvm_args: -Xms14g -Xmx14g -ea 
java_command: profiling.Measurement
java_class_path (initial): C:\Users\kepler\workspace\mmtf-optimization\target\classes;C:\kepler\git\mmtf-java\mmtf-serialization\target\classes;C:\Users\kepler\.m2\repository\org\msgpack\jackson-dataformat-msgpack\0.7.1\jackson-dataformat-msgpack-0.7.1.jar;C:\Users\kepler\.m2\repository\org\msgpack\msgpack-core\0.7.1\msgpack-core-0.7.1.jar;C:\Users\kepler\.m2\repository\com\fasterxml\jackson\core\jackson-databind\2.6.3\jackson-databind-2.6.3.jar;C:\Users\kepler\.m2\repository\com\fasterxml\jackson\core\jackson-annotations\2.6.0\jackson-annotations-2.6.0.jar;C:\Users\kepler\.m2\repository\com\fasterxml\jackson\core\jackson-core\2.6.3\jackson-core-2.6.3.jar;C:\Users\kepler\.m2\repository\net\sourceforge\jmol\jmol\14.6.2_2016.08.28\jmol-14.6.2_2016.08.28.jar;C:\Users\kepler\.m2\repository\org\rcsb\qsa\0.0.1-SNAPSHOT\qsa-0.0.1-SNAPSHOT.jar;C:\kepler\git\biojava\biojava-structure\target\classes;C:\Users\kepler\.m2\repository\org\biojava\biojava-alignment\5.0.0-SNAPSHOT\biojava-alignment-5.0.0-SNAPSHOT.jar;C:\Users\kepler\.m2\repository\org\biojava\thirdparty\forester\1.038\forester-1.038.jar;C:\Users\kepler\.m2\repository\org\biojava\biojava-core\5.0.0-SNAPSHOT\biojava-core-5.0.0-SNAPSHOT.jar;C:\Users\kepler\.m2\repository\java3d\vecmath\1.3.1\vecmath-1.3.1.jar;C:\Users\kepler\.m2\repository\org\jgrapht\jgrapht-core\0.9.2\jgrapht-core-0.9.2.jar;C:\Users\kepler\.m2\repository\org\biojava\biojava-structure-gui\5.0.0-alpha6\biojava-structure-gui-5.0.0-alpha6.jar;C:\Users\kepler\.m2\repository\org\biojava\jcolorbrewer\5.2\jcolorbrewer-5.2.jar;C:\Users\kepler\.m2\repository\org\biojava\biojava-spark\0.1.1\biojava-spark-0.1.1.jar;C:\Users\kepler\.m2\repository\org\apache\spark\spark-core_2.11\1.6.0\spark-core_2.11-1.6.0.jar;C:\Users\kepler\.m2\repository\org\apache\avro\avro-mapred\1.7.7\avro-mapred-1.7.7-hadoop2.jar;C:\Users\kepler\.m2\repository\org\apache\avro\avro-ipc\1.7.7\avro-ipc-1.7.7.jar;C:\Users\kepler\.m2\repository\org\apache\avro\avro\1.7.7\avro-1.7.7.jar;C:\Use
Launcher Type: SUN_STANDARD

Environment Variables:
JAVA_HOME=C:\Program Files\Java\jdk1.8.0_112
PATH=C:\ProgramData\Oracle\Java\javapath;C:\Program Files (x86)\Intel\iCLS Client\;C:\Program Files\Intel\iCLS Client\;C:\Windows\system32;C:\Windows;C:\Windows\System32\Wbem;C:\Windows\System32\WindowsPowerShell\v1.0\;C:\Program Files\Git\cmd;C:\Program Files (x86)\Skype\Phone\;C:\Python27;C:\Users\kepler\AppData\Local\Microsoft\WindowsApps;
USERNAME=kepler
OS=Windows_NT
PROCESSOR_IDENTIFIER=Intel64 Family 6 Model 61 Stepping 4, GenuineIntel



---------------  S Y S T E M  ---------------

OS: Windows 10.0 , 64 bit Build 14393 (10.0.14393.0)

CPU:total 4 (2 cores per cpu, 2 threads per core) family 6 model 61 stepping 4, cmov, cx8, fxsr, mmx, sse, sse2, sse3, ssse3, sse4.1, sse4.2, popcnt, avx, avx2, aes, clmul, erms, 3dnowpref, lzcnt, ht, tsc, tscinvbit, bmi1, bmi2, adx

Memory: 4k page, physical 16677292k(8086368k free), swap 26020656k(2228k free)

vm_info: Java HotSpot(TM) 64-Bit Server VM (25.112-b15) for windows-amd64 JRE (1.8.0_112-b15), built on Sep 22 2016 21:31:56 by "java_re" with MS VC++ 10.0 (VS2010)

time: Thu Feb 09 20:05:17 2017
elapsed time: 2 seconds (0d 0h 0m 2s)

